# JRE version: OpenJDK Runtime Environment (16.0.1+9) (build 16.0.1+9-24)
# Java VM: OpenJDK 64-Bit Server VM (16.0.1+9-24, mixed mode, tiered, compressed oops, compressed class ptrs, g1 gc, windows-amd64)
GC Precious Log:
 CPUs: 4 total, 4 available
 Memory: 8073M
 Large Page Support: Disabled
 NUMA Support: Disabled
 Compressed Oops: Enabled (32-bit)
 Heap Region Size: 1M
 Heap Min Capacity: 8M
 Heap Initial Capacity: 128M
 Heap Max Capacity: 2020M
 Pre-touch: Disabled
 Parallel Workers: 4
 Concurrent Workers: 1
 Concurrent Refinement Workers: 4
 Periodic GC: Disabled
Heap:
 garbage-first heap   total 96256K, used 61878K [0x0000000081c00000, 0x0000000100000000)
  region size 1024K, 34 young (34816K), 0 survivors (0K)
 Metaspace       used 82293K, committed 82816K, reserved 1122304K
  class space    used 10305K, committed 10560K, reserved 1048576K
GC Heap History (20 events):
Event: 1245.527 GC heap before
{Heap before GC invocations=23 (full 0):
 garbage-first heap   total 96256K, used 69550K [0x0000000081c00000, 0x0000000100000000)
  region size 1024K, 39 young (39936K), 3 survivors (3072K)
 Metaspace       used 78930K, committed 79360K, reserved 1122304K
  class space    used 9946K, committed 10176K, reserved 1048576K
}
Event: 1245.584 GC heap after
{Heap after GC invocations=24 (full 1):
 garbage-first heap   total 96256K, used 27542K [0x0000000081c00000, 0x0000000100000000)
  region size 1024K, 0 young (0K), 0 survivors (0K)
 Metaspace       used 78930K, committed 79360K, reserved 1122304K
  class space    used 9946K, committed 10176K, reserved 1048576K
}
Event: 1246.791 GC heap before
{Heap before GC invocations=24 (full 1):
 garbage-first heap   total 96256K, used 74646K [0x0000000081c00000, 0x0000000100000000)
  region size 1024K, 47 young (48128K), 0 survivors (0K)
 Metaspace       used 79160K, committed 79616K, reserved 1122304K
  class space    used 9963K, committed 10176K, reserved 1048576K
}
Event: 1246.796 GC heap after
{Heap after GC invocations=25 (full 1):
 garbage-first heap   total 96256K, used 30727K [0x0000000081c00000, 0x0000000100000000)
  region size 1024K, 4 young (4096K), 4 survivors (4096K)
 Metaspace       used 79160K, committed 79616K, reserved 1122304K
  class space    used 9963K, committed 10176K, reserved 1048576K
}
Event: 1246.852 GC heap before
{Heap before GC invocations=25 (full 1):
 garbage-first heap   total 96256K, used 73735K [0x0000000081c00000, 0x0000000100000000)
  region size 1024K, 47 young (48128K), 4 survivors (4096K)
 Metaspace       used 79183K, committed 79680K, reserved 1122304K
  class space    used 9963K, committed 10176K, reserved 1048576K
}
Event: 1246.856 GC heap after
{Heap after GC invocations=26 (full 1):
 garbage-first heap   total 96256K, used 31297K [0x0000000081c00000, 0x0000000100000000)
  region size 1024K, 1 young (1024K), 1 survivors (1024K)
 Metaspace       used 79183K, committed 79680K, reserved 1122304K
  class space    used 9963K, committed 10176K, reserved 1048576K
}
Event: 1247.410 GC heap before
{Heap before GC invocations=26 (full 1):
 garbage-first heap   total 96256K, used 76353K [0x0000000081c00000, 0x0000000100000000)
  region size 1024K, 45 young (46080K), 1 survivors (1024K)
 Metaspace       used 79745K, committed 80256K, reserved 1122304K
  class space    used 9987K, committed 10240K, reserved 1048576K
}
Event: 1247.414 GC heap after
{Heap after GC invocations=27 (full 1):
 garbage-first heap   total 96256K, used 32914K [0x0000000081c00000, 0x0000000100000000)
  region size 1024K, 3 young (3072K), 3 survivors (3072K)
 Metaspace       used 79745K, committed 80256K, reserved 1122304K
  class space    used 9987K, committed 10240K, reserved 1048576K
}
Event: 1349.981 GC heap before
{Heap before GC invocations=27 (full 1):
 garbage-first heap   total 96256K, used 69778K [0x0000000081c00000, 0x0000000100000000)
  region size 1024K, 40 young (40960K), 3 survivors (3072K)
 Metaspace       used 80009K, committed 80448K, reserved 1122304K
  class space    used 10004K, committed 10240K, reserved 1048576K
}
Event: 1350.042 GC heap after
{Heap after GC invocations=28 (full 2):
 garbage-first heap   total 96256K, used 27423K [0x0000000081c00000, 0x0000000100000000)
  region size 1024K, 0 young (0K), 0 survivors (0K)
 Metaspace       used 80006K, committed 80448K, reserved 1122304K
  class space    used 10003K, committed 10240K, reserved 1048576K
}
Event: 1350.688 GC heap before
{Heap before GC invocations=28 (full 2):
 garbage-first heap   total 96256K, used 75551K [0x0000000081c00000, 0x0000000100000000)
  region size 1024K, 48 young (49152K), 0 survivors (0K)
 Metaspace       used 80193K, committed 80704K, reserved 1122304K
  class space    used 10018K, committed 10240K, reserved 1048576K
}
Event: 1350.693 GC heap after
{Heap after GC invocations=29 (full 2):
 garbage-first heap   total 96256K, used 30978K [0x0000000081c00000, 0x0000000100000000)
  region size 1024K, 4 young (4096K), 4 survivors (4096K)
 Metaspace       used 80193K, committed 80704K, reserved 1122304K
  class space    used 10018K, committed 10240K, reserved 1048576K
}
Event: 1350.751 GC heap before
{Heap before GC invocations=29 (full 2):
 garbage-first heap   total 96256K, used 76034K [0x0000000081c00000, 0x0000000100000000)
  region size 1024K, 49 young (50176K), 4 survivors (4096K)
 Metaspace       used 80210K, committed 80704K, reserved 1122304K
  class space    used 10018K, committed 10240K, reserved 1048576K
}
Event: 1350.756 GC heap after
{Heap after GC invocations=30 (full 2):
 garbage-first heap   total 96256K, used 31089K [0x0000000081c00000, 0x0000000100000000)
  region size 1024K, 4 young (4096K), 4 survivors (4096K)
 Metaspace       used 80210K, committed 80704K, reserved 1122304K
  class space    used 10018K, committed 10240K, reserved 1048576K
}
Event: 1351.201 GC heap before
{Heap before GC invocations=30 (full 2):
 garbage-first heap   total 96256K, used 78193K [0x0000000081c00000, 0x0000000100000000)
  region size 1024K, 50 young (51200K), 4 survivors (4096K)
 Metaspace       used 80750K, committed 81280K, reserved 1122304K
  class space    used 10038K, committed 10304K, reserved 1048576K
}
Event: 1351.207 GC heap after
{Heap after GC invocations=31 (full 2):
 garbage-first heap   total 96256K, used 33044K [0x0000000081c00000, 0x0000000100000000)
  region size 1024K, 6 young (6144K), 6 survivors (6144K)
 Metaspace       used 80750K, committed 81280K, reserved 1122304K
  class space    used 10038K, committed 10304K, reserved 1048576K
}
Event: 1352.030 GC heap before
{Heap before GC invocations=31 (full 2):
 garbage-first heap   total 96256K, used 78100K [0x0000000081c00000, 0x0000000100000000)
  region size 1024K, 50 young (51200K), 6 survivors (6144K)
 Metaspace       used 82185K, committed 82688K, reserved 1122304K
  class space    used 10295K, committed 10560K, reserved 1048576K
}
Event: 1352.038 GC heap after
{Heap after GC invocations=32 (full 2):
 garbage-first heap   total 96256K, used 35723K [0x0000000081c00000, 0x0000000100000000)
  region size 1024K, 6 young (6144K), 6 survivors (6144K)
 Metaspace       used 82185K, committed 82688K, reserved 1122304K
  class space    used 10295K, committed 10560K, reserved 1048576K
}
Event: 1429.865 GC heap before
{Heap before GC invocations=32 (full 2):
 garbage-first heap   total 96256K, used 40843K [0x0000000081c00000, 0x0000000100000000)
  region size 1024K, 12 young (12288K), 6 survivors (6144K)
 Metaspace       used 82217K, committed 82752K, reserved 1122304K
  class space    used 10297K, committed 10560K, reserved 1048576K
}
Event: 1429.926 GC heap after
{Heap after GC invocations=33 (full 3):
 garbage-first heap   total 96256K, used 28086K [0x0000000081c00000, 0x0000000100000000)
  region size 1024K, 0 young (0K), 0 survivors (0K)
 Metaspace       used 82214K, committed 82752K, reserved 1122304K
  class space    used 10297K, committed 10560K, reserved 1048576K
}

