# JRE version: OpenJDK Runtime Environment (16.0.1+9) (build 16.0.1+9-24)
# Java VM: OpenJDK 64-Bit Server VM (16.0.1+9-24, mixed mode, tiered, compressed oops, compressed class ptrs, g1 gc, windows-amd64)
GC Precious Log:
 CPUs: 4 total, 4 available
 Memory: 8073M
 Large Page Support: Disabled
 NUMA Support: Disabled
 Compressed Oops: Enabled (32-bit)
 Heap Region Size: 1M
 Heap Min Capacity: 8M
 Heap Initial Capacity: 128M
 Heap Max Capacity: 2020M
 Pre-touch: Disabled
 Parallel Workers: 4
 Concurrent Workers: 1
 Concurrent Refinement Workers: 4
 Periodic GC: Disabled
Heap:
 garbage-first heap   total 81920K, used 19144K [0x0000000081c00000, 0x0000000100000000)
  region size 1024K, 1 young (1024K), 1 survivors (1024K)
 Metaspace       used 39663K, committed 40064K, reserved 1089536K
  class space    used 4688K, committed 4864K, reserved 1048576K
GC Heap History (20 events):
Event: 0.913 GC heap after
{Heap after GC invocations=3 (full 0):
 garbage-first heap   total 131072K, used 7257K [0x0000000081c00000, 0x0000000100000000)
  region size 1024K, 1 young (1024K), 1 survivors (1024K)
 Metaspace       used 11799K, committed 11968K, reserved 1064960K
  class space    used 1111K, committed 1216K, reserved 1048576K
}
Event: 1.773 GC heap before
{Heap before GC invocations=3 (full 0):
 garbage-first heap   total 131072K, used 54361K [0x0000000081c00000, 0x0000000100000000)
  region size 1024K, 49 young (50176K), 1 survivors (1024K)
 Metaspace       used 21081K, committed 21248K, reserved 1073152K
  class space    used 2344K, committed 2432K, reserved 1048576K
}
Event: 1.778 GC heap after
{Heap after GC invocations=4 (full 0):
 garbage-first heap   total 131072K, used 9451K [0x0000000081c00000, 0x0000000100000000)
  region size 1024K, 3 young (3072K), 3 survivors (3072K)
 Metaspace       used 21081K, committed 21248K, reserved 1073152K
  class space    used 2344K, committed 2432K, reserved 1048576K
}
Event: 2.151 GC heap before
{Heap before GC invocations=5 (full 0):
 garbage-first heap   total 37888K, used 36075K [0x0000000081c00000, 0x0000000100000000)
  region size 1024K, 30 young (30720K), 3 survivors (3072K)
 Metaspace       used 24284K, committed 24512K, reserved 1073152K
  class space    used 2766K, committed 2880K, reserved 1048576K
}
Event: 2.158 GC heap after
{Heap after GC invocations=6 (full 0):
 garbage-first heap   total 41984K, used 10775K [0x0000000081c00000, 0x0000000100000000)
  region size 1024K, 4 young (4096K), 4 survivors (4096K)
 Metaspace       used 24284K, committed 24512K, reserved 1073152K
  class space    used 2766K, committed 2880K, reserved 1048576K
}
Event: 2.162 GC heap before
{Heap before GC invocations=6 (full 0):
 garbage-first heap   total 41984K, used 28183K [0x0000000081c00000, 0x0000000100000000)
  region size 1024K, 22 young (22528K), 4 survivors (4096K)
 Metaspace       used 24335K, committed 24576K, reserved 1073152K
  class space    used 2769K, committed 2880K, reserved 1048576K
}
Event: 2.167 GC heap after
{Heap after GC invocations=7 (full 0):
 garbage-first heap   total 55296K, used 10712K [0x0000000081c00000, 0x0000000100000000)
  region size 1024K, 2 young (2048K), 2 survivors (2048K)
 Metaspace       used 24335K, committed 24576K, reserved 1073152K
  class space    used 2769K, committed 2880K, reserved 1048576K
}
Event: 2.498 GC heap before
{Heap before GC invocations=7 (full 0):
 garbage-first heap   total 55296K, used 38360K [0x0000000081c00000, 0x0000000100000000)
  region size 1024K, 30 young (30720K), 2 survivors (2048K)
 Metaspace       used 28110K, committed 28352K, reserved 1081344K
  class space    used 3209K, committed 3328K, reserved 1048576K
}
Event: 2.503 GC heap after
{Heap after GC invocations=8 (full 0):
 garbage-first heap   total 55296K, used 11815K [0x0000000081c00000, 0x0000000100000000)
  region size 1024K, 3 young (3072K), 3 survivors (3072K)
 Metaspace       used 28110K, committed 28352K, reserved 1081344K
  class space    used 3209K, committed 3328K, reserved 1048576K
}
Event: 3.093 GC heap before
{Heap before GC invocations=8 (full 0):
 garbage-first heap   total 55296K, used 39463K [0x0000000081c00000, 0x0000000100000000)
  region size 1024K, 31 young (31744K), 3 survivors (3072K)
 Metaspace       used 29204K, committed 29504K, reserved 1081344K
  class space    used 3328K, committed 3456K, reserved 1048576K
}
Event: 3.098 GC heap after
{Heap after GC invocations=9 (full 0):
 garbage-first heap   total 55296K, used 13255K [0x0000000081c00000, 0x0000000100000000)
  region size 1024K, 3 young (3072K), 3 survivors (3072K)
 Metaspace       used 29204K, committed 29504K, reserved 1081344K
  class space    used 3328K, committed 3456K, reserved 1048576K
}
Event: 3.836 GC heap before
{Heap before GC invocations=9 (full 0):
 garbage-first heap   total 55296K, used 41927K [0x0000000081c00000, 0x0000000100000000)
  region size 1024K, 31 young (31744K), 3 survivors (3072K)
 Metaspace       used 32784K, committed 33088K, reserved 1081344K
  class space    used 3803K, committed 3968K, reserved 1048576K
}
Event: 3.841 GC heap after
{Heap after GC invocations=10 (full 0):
 garbage-first heap   total 55296K, used 15096K [0x0000000081c00000, 0x0000000100000000)
  region size 1024K, 4 young (4096K), 4 survivors (4096K)
 Metaspace       used 32784K, committed 33088K, reserved 1081344K
  class space    used 3803K, committed 3968K, reserved 1048576K
}
Event: 4.655 GC heap before
{Heap before GC invocations=10 (full 0):
 garbage-first heap   total 55296K, used 28408K [0x0000000081c00000, 0x0000000100000000)
  region size 1024K, 18 young (18432K), 4 survivors (4096K)
 Metaspace       used 35211K, committed 35520K, reserved 1081344K
  class space    used 4120K, committed 4288K, reserved 1048576K
}
Event: 4.661 GC heap after
{Heap after GC invocations=11 (full 0):
 garbage-first heap   total 55296K, used 16468K [0x0000000081c00000, 0x0000000100000000)
  region size 1024K, 4 young (4096K), 4 survivors (4096K)
 Metaspace       used 35211K, committed 35520K, reserved 1081344K
  class space    used 4120K, committed 4288K, reserved 1048576K
}
Event: 5.272 GC heap before
{Heap before GC invocations=12 (full 0):
 garbage-first heap   total 55296K, used 40020K [0x0000000081c00000, 0x0000000100000000)
  region size 1024K, 28 young (28672K), 4 survivors (4096K)
 Metaspace       used 38929K, committed 39296K, reserved 1089536K
  class space    used 4625K, committed 4800K, reserved 1048576K
}
Event: 5.278 GC heap after
{Heap after GC invocations=13 (full 0):
 garbage-first heap   total 55296K, used 18434K [0x0000000081c00000, 0x0000000100000000)
  region size 1024K, 4 young (4096K), 4 survivors (4096K)
 Metaspace       used 38929K, committed 39296K, reserved 1089536K
  class space    used 4625K, committed 4800K, reserved 1048576K
}
Event: 5.283 GC heap before
{Heap before GC invocations=13 (full 0):
 garbage-first heap   total 55296K, used 40962K [0x0000000081c00000, 0x0000000100000000)
  region size 1024K, 27 young (27648K), 4 survivors (4096K)
 Metaspace       used 38929K, committed 39296K, reserved 1089536K
  class space    used 4625K, committed 4800K, reserved 1048576K
}
Event: 5.288 GC heap after
{Heap after GC invocations=14 (full 0):
 garbage-first heap   total 55296K, used 18791K [0x0000000081c00000, 0x0000000100000000)
  region size 1024K, 3 young (3072K), 3 survivors (3072K)
 Metaspace       used 38929K, committed 39296K, reserved 1089536K
  class space    used 4625K, committed 4800K, reserved 1048576K
}
Event: 5.391 GC heap before
{Heap before GC invocations=14 (full 0):
 garbage-first heap   total 55296K, used 41319K [0x0000000081c00000, 0x0000000100000000)
  region size 1024K, 26 young (26624K), 3 survivors (3072K)
 Metaspace       used 39663K, committed 40064K, reserved 1089536K
  class space    used 4688K, committed 4864K, reserved 1048576K
}

